Arguments: 
  C:\Program Files\nodejs\node.exe C:\Users\jose.claudio\AppData\Roaming\npm\node_modules\yarn\bin\yarn.js install

PATH: 
  C:\Python311\Scripts\;C:\Python311\;C:\Windows\system32;C:\Windows;C:\Windows\System32\Wbem;C:\Windows\System32\WindowsPowerShell\v1.0\;C:\Windows\System32\OpenSSH\;C:\Program Files (x86)\NVIDIA Corporation\PhysX\Common;C:\Program Files\dotnet\;C:\Program Files\nodejs\;C:\ProgramData\chocolatey\bin;C:\Program Files\Amazon\AWSCLIV2\;C:\Program Files\Docker\Docker\resources\bin;C:\Users\jose.claudio\AppData\Local\Microsoft\WindowsApps;C:\Users\jose.claudio\AppData\Local\Programs\Microsoft VS Code\bin;C:\Users\jose.claudio\AppData\Roaming\npm

Yarn version: 
  1.22.5

Node version: 
  18.13.0

Platform: 
  win32 x64

Trace: 
  Error: self-signed certificate in certificate chain
      at TLSSocket.onConnectSecure (node:_tls_wrap:1545:34)
      at TLSSocket.emit (node:events:513:28)
      at TLSSocket._finishInit (node:_tls_wrap:959:8)
      at ssl.onhandshakedone (node:_tls_wrap:743:12)

npm manifest: 
  {
    "name": "e_commerce_aws",
    "version": "0.1.0",
    "bin": {
      "e_commerce_aws": "bin/e_commerce_aws.js"
    },
    "scripts": {
      "build": "tsc",
      "watch": "tsc -w",
      "test": "jest",
      "cdk": "cdk"
    },
    "devDependencies": {
      "@types/aws-lambda": "^8.10.110",
      "@types/jest": "^29.2.5",
      "@types/node": "18.11.18",
      "@types/uuid": "^9.0.0",
      "aws-cdk": "2.62.2",
      "aws-sdk": "^2.1304.0",
      "jest": "^29.3.1",
      "ts-jest": "^29.0.3",
      "ts-node": "^10.9.1",
      "typescript": "~4.9.4"
    },
    "dependencies": {
      "aws-cdk-lib": "2.62.2",
      "constructs": "^10.0.0",
      "source-map-support": "^0.5.21"
    }
  }

yarn manifest: 
  No manifest

Lockfile: 
  No lockfile
